<?xml version="1.0" encoding="UTF-8"?>
<testsuite name="org.example.MainTest" tests="1" skipped="0" failures="0" errors="0" timestamp="2022-09-09T10:16:56" hostname="AlexdeMacbook.local" time="0.01">
  <properties/>
  <testcase name="checkPermutation()" classname="org.example.MainTest" time="0.01"/>
  <system-out><![CDATA[]]></system-out>
  <system-err><![CDATA[]]></system-err>
</testsuite>
